# JRE version: OpenJDK Runtime Environment (8.0_202-b03) (build 1.8.0_202-release-1483-b03)
# Java VM: OpenJDK 64-Bit Server VM (25.202-b03 mixed mode windows-amd64 compressed oops)
Heap:
 PSYoungGen      total 492544K, used 298687K [0x00000000e0000000, 0x00000000ffd80000, 0x0000000100000000)
  eden space 462848K, 64% used [0x00000000e0000000,0x00000000f23aff38,0x00000000fc400000)
  from space 29696K, 0% used [0x00000000fe080000,0x00000000fe080000,0x00000000ffd80000)
  to   space 29184K, 0% used [0x00000000fc400000,0x00000000fc400000,0x00000000fe080000)
 ParOldGen       total 262144K, used 99191K [0x00000000a0000000, 0x00000000b0000000, 0x00000000e0000000)
  object space 262144K, 37% used [0x00000000a0000000,0x00000000a60ddd48,0x00000000b0000000)
 Metaspace       used 116030K, capacity 120812K, committed 122456K, reserved 1155072K
  class space    used 14607K, capacity 15569K, committed 16000K, reserved 1048576K
GC Heap History (10 events):
Event: 1022.842 GC heap before
{Heap before GC invocations=45 (full 4):
 PSYoungGen      total 487936K, used 471223K [0x00000000e0000000, 0x00000000ffb80000, 0x0000000100000000)
  eden space 456192K, 100% used [0x00000000e0000000,0x00000000fbd80000,0x00000000fbd80000)
  from space 31744K, 47% used [0x00000000fdc80000,0x00000000feb2de98,0x00000000ffb80000)
  to   space 31744K, 0% used [0x00000000fbd80000,0x00000000fbd80000,0x00000000fdc80000)
 ParOldGen       total 202752K, used 157485K [0x00000000a0000000, 0x00000000ac600000, 0x00000000e0000000)
  object space 202752K, 77% used [0x00000000a0000000,0x00000000a99cb7a8,0x00000000ac600000)
 Metaspace       used 116048K, capacity 121790K, committed 122072K, reserved 1155072K
  class space    used 14708K, capacity 15832K, committed 15872K, reserved 1048576K
Event: 1022.868 GC heap after
Heap after GC invocations=45 (full 4):
 PSYoungGen      total 487936K, used 8092K [0x00000000e0000000, 0x0000000100000000, 0x0000000100000000)
  eden space 456192K, 0% used [0x00000000e0000000,0x00000000e0000000,0x00000000fbd80000)
  from space 31744K, 25% used [0x00000000fbd80000,0x00000000fc567368,0x00000000fdc80000)
  to   space 31744K, 0% used [0x00000000fe100000,0x00000000fe100000,0x0000000100000000)
 ParOldGen       total 202752K, used 163864K [0x00000000a0000000, 0x00000000ac600000, 0x00000000e0000000)
  object space 202752K, 80% used [0x00000000a0000000,0x00000000aa0060e8,0x00000000ac600000)
 Metaspace       used 116048K, capacity 121790K, committed 122072K, reserved 1155072K
  class space    used 14708K, capacity 15832K, committed 15872K, reserved 1048576K
}
Event: 1024.594 GC heap before
{Heap before GC invocations=46 (full 4):
 PSYoungGen      total 487936K, used 464284K [0x00000000e0000000, 0x0000000100000000, 0x0000000100000000)
  eden space 456192K, 100% used [0x00000000e0000000,0x00000000fbd80000,0x00000000fbd80000)
  from space 31744K, 25% used [0x00000000fbd80000,0x00000000fc567368,0x00000000fdc80000)
  to   space 31744K, 0% used [0x00000000fe100000,0x00000000fe100000,0x0000000100000000)
 ParOldGen       total 202752K, used 163864K [0x00000000a0000000, 0x00000000ac600000, 0x00000000e0000000)
  object space 202752K, 80% used [0x00000000a0000000,0x00000000aa0060e8,0x00000000ac600000)
 Metaspace       used 116203K, capacity 121938K, committed 122072K, reserved 1155072K
  class space    used 14732K, capacity 15840K, committed 15872K, reserved 1048576K
Event: 1024.628 GC heap after
Heap after GC invocations=46 (full 4):
 PSYoungGen      total 491520K, used 8897K [0x00000000e0000000, 0x00000000fff00000, 0x0000000100000000)
  eden space 460800K, 0% used [0x00000000e0000000,0x00000000e0000000,0x00000000fc200000)
  from space 30720K, 28% used [0x00000000fe100000,0x00000000fe9b0760,0x00000000fff00000)
  to   space 31232K, 0% used [0x00000000fc200000,0x00000000fc200000,0x00000000fe080000)
 ParOldGen       total 202752K, used 170588K [0x00000000a0000000, 0x00000000ac600000, 0x00000000e0000000)
  object space 202752K, 84% used [0x00000000a0000000,0x00000000aa697320,0x00000000ac600000)
 Metaspace       used 116203K, capacity 121938K, committed 122072K, reserved 1155072K
  class space    used 14732K, capacity 15840K, committed 15872K, reserved 1048576K
}
Event: 1027.984 GC heap before
{Heap before GC invocations=47 (full 4):
 PSYoungGen      total 491520K, used 469697K [0x00000000e0000000, 0x00000000fff00000, 0x0000000100000000)
  eden space 460800K, 100% used [0x00000000e0000000,0x00000000fc200000,0x00000000fc200000)
  from space 30720K, 28% used [0x00000000fe100000,0x00000000fe9b0760,0x00000000fff00000)
  to   space 31232K, 0% used [0x00000000fc200000,0x00000000fc200000,0x00000000fe080000)
 ParOldGen       total 202752K, used 170588K [0x00000000a0000000, 0x00000000ac600000, 0x00000000e0000000)
  object space 202752K, 84% used [0x00000000a0000000,0x00000000aa697320,0x00000000ac600000)
 Metaspace       used 116326K, capacity 122048K, committed 122200K, reserved 1155072K
  class space    used 14749K, capacity 15875K, committed 16000K, reserved 1048576K
Event: 1028.085 GC heap after
Heap after GC invocations=47 (full 4):
 PSYoungGen      total 492032K, used 11523K [0x00000000e0000000, 0x00000000ffd80000, 0x0000000100000000)
  eden space 460800K, 0% used [0x00000000e0000000,0x00000000e0000000,0x00000000fc200000)
  from space 31232K, 36% used [0x00000000fc200000,0x00000000fcd40c88,0x00000000fe080000)
  to   space 29696K, 0% used [0x00000000fe080000,0x00000000fe080000,0x00000000ffd80000)
 ParOldGen       total 202752K, used 177638K [0x00000000a0000000, 0x00000000ac600000, 0x00000000e0000000)
  object space 202752K, 87% used [0x00000000a0000000,0x00000000aad79a90,0x00000000ac600000)
 Metaspace       used 116326K, capacity 122048K, committed 122200K, reserved 1155072K
  class space    used 14749K, capacity 15875K, committed 16000K, reserved 1048576K
}
Event: 1033.033 GC heap before
{Heap before GC invocations=48 (full 4):
 PSYoungGen      total 492032K, used 472323K [0x00000000e0000000, 0x00000000ffd80000, 0x0000000100000000)
  eden space 460800K, 100% used [0x00000000e0000000,0x00000000fc200000,0x00000000fc200000)
  from space 31232K, 36% used [0x00000000fc200000,0x00000000fcd40c88,0x00000000fe080000)
  to   space 29696K, 0% used [0x00000000fe080000,0x00000000fe080000,0x00000000ffd80000)
 ParOldGen       total 202752K, used 177638K [0x00000000a0000000, 0x00000000ac600000, 0x00000000e0000000)
  object space 202752K, 87% used [0x00000000a0000000,0x00000000aad79a90,0x00000000ac600000)
 Metaspace       used 116348K, capacity 122054K, committed 122200K, reserved 1155072K
  class space    used 14751K, capacity 15876K, committed 16000K, reserved 1048576K
Event: 1033.072 GC heap after
Heap after GC invocations=48 (full 4):
 PSYoungGen      total 492544K, used 8385K [0x00000000e0000000, 0x00000000ffd80000, 0x0000000100000000)
  eden space 462848K, 0% used [0x00000000e0000000,0x00000000e0000000,0x00000000fc400000)
  from space 29696K, 28% used [0x00000000fe080000,0x00000000fe8b0698,0x00000000ffd80000)
  to   space 29184K, 0% used [0x00000000fc400000,0x00000000fc400000,0x00000000fe080000)
 ParOldGen       total 202752K, used 189061K [0x00000000a0000000, 0x00000000ac600000, 0x00000000e0000000)
  object space 202752K, 93% used [0x00000000a0000000,0x00000000ab8a14c8,0x00000000ac600000)
 Metaspace       used 116348K, capacity 122054K, committed 122200K, reserved 1155072K
  class space    used 14751K, capacity 15876K, committed 16000K, reserved 1048576K
}
Event: 1033.072 GC heap before
{Heap before GC invocations=49 (full 5):
 PSYoungGen      total 492544K, used 8385K [0x00000000e0000000, 0x00000000ffd80000, 0x0000000100000000)
  eden space 462848K, 0% used [0x00000000e0000000,0x00000000e0000000,0x00000000fc400000)
  from space 29696K, 28% used [0x00000000fe080000,0x00000000fe8b0698,0x00000000ffd80000)
  to   space 29184K, 0% used [0x00000000fc400000,0x00000000fc400000,0x00000000fe080000)
 ParOldGen       total 202752K, used 189061K [0x00000000a0000000, 0x00000000ac600000, 0x00000000e0000000)
  object space 202752K, 93% used [0x00000000a0000000,0x00000000ab8a14c8,0x00000000ac600000)
 Metaspace       used 116348K, capacity 122054K, committed 122200K, reserved 1155072K
  class space    used 14751K, capacity 15876K, committed 16000K, reserved 1048576K
Event: 1033.584 GC heap after
Heap after GC invocations=49 (full 5):
 PSYoungGen      total 492544K, used 0K [0x00000000e0000000, 0x00000000ffd80000, 0x0000000100000000)
  eden space 462848K, 0% used [0x00000000e0000000,0x00000000e0000000,0x00000000fc400000)
  from space 29696K, 0% used [0x00000000fe080000,0x00000000fe080000,0x00000000ffd80000)
  to   space 29184K, 0% used [0x00000000fc400000,0x00000000fc400000,0x00000000fe080000)
 ParOldGen       total 262144K, used 99191K [0x00000000a0000000, 0x00000000b0000000, 0x00000000e0000000)
  object space 262144K, 37% used [0x00000000a0000000,0x00000000a60ddd48,0x00000000b0000000)
 Metaspace       used 115825K, capacity 120646K, committed 122200K, reserved 1155072K
  class space    used 14570K, capacity 15562K, committed 16000K, reserved 1048576K
}

